2024-08-17 21:48:31 [restartedMain] INFO  c.p.Company.CompanyApplication - Starting CompanyApplication using Java 21.0.3 with PID 670 (/home/kavin/eclipse-workspace/SpringProj/Company/target/classes started by kavin in /home/kavin/eclipse-workspace/SpringProj/Company)
2024-08-17 21:48:31 [restartedMain] INFO  c.p.Company.CompanyApplication - No active profile set, falling back to 1 default profile: "default"
2024-08-17 21:48:31 [restartedMain] INFO  o.s.b.w.e.tomcat.TomcatWebServer - Tomcat initialized with port 8080 (http)
2024-08-17 21:48:31 [restartedMain] INFO  o.a.catalina.core.StandardService - Starting service [Tomcat]
2024-08-17 21:48:31 [restartedMain] INFO  o.a.catalina.core.StandardEngine - Starting Servlet engine: [Apache Tomcat/10.1.26]
2024-08-17 21:48:31 [restartedMain] INFO  o.a.c.c.C.[Tomcat].[localhost].[/] - Initializing Spring embedded WebApplicationContext
2024-08-17 21:48:31 [restartedMain] INFO  o.s.b.w.s.c.ServletWebServerApplicationContext - Root WebApplicationContext: initialization completed in 202 ms
2024-08-17 21:48:31 [restartedMain] INFO  o.s.b.d.a.OptionalLiveReloadServer - LiveReload server is running on port 35729
2024-08-17 21:48:31 [restartedMain] INFO  o.s.b.w.e.tomcat.TomcatWebServer - Tomcat started on port 8080 (http) with context path '/'
2024-08-17 21:48:31 [restartedMain] INFO  c.p.Company.CompanyApplication - Started CompanyApplication in 0.344 seconds (process running for 2830.294)
2024-08-17 21:48:31 [restartedMain] INFO  o.s.b.d.a.ConditionEvaluationDeltaLoggingListener - Condition evaluation unchanged
 2024-08-17 21:49:14 [File Watcher] INFO  o.s.b.d.a.LocalDevToolsAutoConfiguration$RestartingClassPathChangeChangedEventListener - Restarting due to 1 class path change (0 additions, 0 deletions, 1 modification)
2024-08-17 21:49:14 [restartedMain] INFO  c.p.Company.CompanyApplication - Starting CompanyApplication using Java 21.0.3 with PID 670 (/home/kavin/eclipse-workspace/SpringProj/Company/target/classes started by kavin in /home/kavin/eclipse-workspace/SpringProj/Company)
2024-08-17 21:49:14 [restartedMain] INFO  c.p.Company.CompanyApplication - No active profile set, falling back to 1 default profile: "default"
2024-08-17 21:49:14 [restartedMain] INFO  o.s.b.w.e.tomcat.TomcatWebServer - Tomcat initialized with port 8080 (http)
2024-08-17 21:49:14 [restartedMain] INFO  o.a.catalina.core.StandardService - Starting service [Tomcat]
2024-08-17 21:49:14 [restartedMain] INFO  o.a.catalina.core.StandardEngine - Starting Servlet engine: [Apache Tomcat/10.1.26]
2024-08-17 21:49:14 [restartedMain] INFO  o.a.c.c.C.[Tomcat].[localhost].[/] - Initializing Spring embedded WebApplicationContext
2024-08-17 21:49:14 [restartedMain] INFO  o.s.b.w.s.c.ServletWebServerApplicationContext - Root WebApplicationContext: initialization completed in 115 ms
2024-08-17 21:49:14 [restartedMain] INFO  o.s.b.d.a.OptionalLiveReloadServer - LiveReload server is running on port 35729
2024-08-17 21:49:14 [restartedMain] INFO  o.s.b.w.e.tomcat.TomcatWebServer - Tomcat started on port 8080 (http) with context path '/'
2024-08-17 21:49:14 [restartedMain] INFO  c.p.Company.CompanyApplication - Started CompanyApplication in 0.193 seconds (process running for 2872.993)
2024-08-17 21:49:14 [restartedMain] INFO  o.s.b.d.a.ConditionEvaluationDeltaLoggingListener - Condition evaluation unchanged
2024-08-17 21:49:29 [File Watcher] INFO  o.s.b.d.a.LocalDevToolsAutoConfiguration$RestartingClassPathChangeChangedEventListener - Restarting due to 1 class path change (1 addition, 0 deletions, 0 modifications)
2024-08-17 21:49:30 [restartedMain] INFO  c.p.Company.CompanyApplication - Starting CompanyApplication using Java 21.0.3 with PID 670 (/home/kavin/eclipse-workspace/SpringProj/Company/target/classes started by kavin in /home/kavin/eclipse-workspace/SpringProj/Company)
2024-08-17 21:49:30 [restartedMain] INFO  c.p.Company.CompanyApplication - No active profile set, falling back to 1 default profile: "default"
2024-08-17 21:49:30 [restartedMain] INFO  o.s.b.w.e.tomcat.TomcatWebServer - Tomcat initialized with port 8080 (http)
2024-08-17 21:49:30 [restartedMain] INFO  o.a.catalina.core.StandardService - Starting service [Tomcat]
2024-08-17 21:49:30 [restartedMain] INFO  o.a.catalina.core.StandardEngine - Starting Servlet engine: [Apache Tomcat/10.1.26]
2024-08-17 21:49:30 [restartedMain] INFO  o.a.c.c.C.[Tomcat].[localhost].[/] - Initializing Spring embedded WebApplicationContext
2024-08-17 21:49:30 [restartedMain] INFO  o.s.b.w.s.c.ServletWebServerApplicationContext - Root WebApplicationContext: initialization completed in 159 ms
2024-08-17 21:49:30 [restartedMain] INFO  o.s.b.d.a.OptionalLiveReloadServer - LiveReload server is running on port 35729
2024-08-17 21:49:30 [restartedMain] INFO  o.s.b.w.e.tomcat.TomcatWebServer - Tomcat started on port 8080 (http) with context path '/'
2024-08-17 21:49:30 [restartedMain] INFO  c.p.Company.CompanyApplication - Started CompanyApplication in 0.278 seconds (process running for 2888.734)
2024-08-17 21:49:30 [restartedMain] INFO  o.s.b.d.a.ConditionEvaluationDeltaLoggingListener - Condition evaluation unchanged
2024-08-17 21:50:17 [File Watcher] INFO  o.s.b.d.a.LocalDevToolsAutoConfiguration$RestartingClassPathChangeChangedEventListener - Restarting due to 1 class path change (0 additions, 0 deletions, 1 modification)
2024-08-17 21:50:17 [restartedMain] INFO  c.p.Company.CompanyApplication - Starting CompanyApplication using Java 21.0.3 with PID 670 (/home/kavin/eclipse-workspace/SpringProj/Company/target/classes started by kavin in /home/kavin/eclipse-workspace/SpringProj/Company)
2024-08-17 21:50:17 [restartedMain] INFO  c.p.Company.CompanyApplication - No active profile set, falling back to 1 default profile: "default"
2024-08-17 21:50:17 [restartedMain] INFO  o.s.b.w.e.tomcat.TomcatWebServer - Tomcat initialized with port 8080 (http)
2024-08-17 21:50:17 [restartedMain] INFO  o.a.catalina.core.StandardService - Starting service [Tomcat]
2024-08-17 21:50:17 [restartedMain] INFO  o.a.catalina.core.StandardEngine - Starting Servlet engine: [Apache Tomcat/10.1.26]
2024-08-17 21:50:17 [restartedMain] INFO  o.a.c.c.C.[Tomcat].[localhost].[/] - Initializing Spring embedded WebApplicationContext
2024-08-17 21:50:17 [restartedMain] INFO  o.s.b.w.s.c.ServletWebServerApplicationContext - Root WebApplicationContext: initialization completed in 114 ms
2024-08-17 21:50:18 [restartedMain] INFO  o.s.b.d.a.OptionalLiveReloadServer - LiveReload server is running on port 35729
2024-08-17 21:50:18 [restartedMain] INFO  o.s.b.w.e.tomcat.TomcatWebServer - Tomcat started on port 8080 (http) with context path '/'
2024-08-17 21:50:18 [restartedMain] INFO  c.p.Company.CompanyApplication - Started CompanyApplication in 0.192 seconds (process running for 2936.434)
2024-08-17 21:50:18 [restartedMain] INFO  o.s.b.d.a.ConditionEvaluationDeltaLoggingListener - Condition evaluation unchanged
2024-08-17 21:52:03 [http-nio-8080-exec-1] INFO  o.a.c.c.C.[Tomcat].[localhost].[/] - Initializing Spring DispatcherServlet 'dispatcherServlet'
2024-08-17 21:52:03 [http-nio-8080-exec-1] INFO  o.s.web.servlet.DispatcherServlet - Initializing Servlet 'dispatcherServlet'
2024-08-17 21:52:03 [http-nio-8080-exec-1] INFO  o.s.web.servlet.DispatcherServlet - Completed initialization in 2 ms
